[debug] [2023-12-11T00:02:37.828Z] ----------------------------------------------------------------------
[debug] [2023-12-11T00:02:37.942Z] Command:       C:\Program Files\nodejs\node.exe C:\Program Files\nodejs\node_modules\firebase-tools\lib\bin\firebase.js login
[debug] [2023-12-11T00:02:37.945Z] CLI Version:   13.0.1
[debug] [2023-12-11T00:02:37.946Z] Platform:      win32
[debug] [2023-12-11T00:02:37.947Z] Node Version:  v20.9.0
[debug] [2023-12-11T00:02:37.955Z] Time:          Sun Dec 10 2023 16:02:37 GMT-0800 (Pacific Standard Time)
[debug] [2023-12-11T00:02:37.955Z] ----------------------------------------------------------------------
[debug] 
[debug] [2023-12-11T00:02:38.060Z] >>> [apiv2][query] GET https://firebase-public.firebaseio.com/cli.json [none]
[info] i  Firebase optionally collects CLI and Emulator Suite usage and error reporting information to help improve our products. Data is collected in accordance with Google's privacy policy (https://policies.google.com/privacy) and is not used to identify you.
 
[debug] [2023-12-11T00:02:41.633Z] <<< [apiv2][status] GET https://firebase-public.firebaseio.com/cli.json 200
[debug] [2023-12-11T00:02:41.636Z] <<< [apiv2][body] GET https://firebase-public.firebaseio.com/cli.json {"cloudBuildErrorAfter":1594252800000,"cloudBuildWarnAfter":1590019200000,"defaultNode10After":1594252800000,"minVersion":"3.0.5","node8DeploysDisabledAfter":1613390400000,"node8RuntimeDisabledAfter":1615809600000,"node8WarnAfter":1600128000000}
[info] i  To change your data collection preference at any time, run `firebase logout` and log in again. 
[info] 
[info] Visit this URL on this device to log in:
[info] https://accounts.google.com/o/oauth2/auth?client_id=563584335869-fgrhgmd47bqnekij5i8b5pr03ho849e6.apps.googleusercontent.com&scope=email%20openid%20https%3A%2F%2Fwww.googleapis.com%2Fauth%2Fcloudplatformprojects.readonly%20https%3A%2F%2Fwww.googleapis.com%2Fauth%2Ffirebase%20https%3A%2F%2Fwww.googleapis.com%2Fauth%2Fcloud-platform&response_type=code&state=518636850&redirect_uri=http%3A%2F%2Flocalhost%3A9005
[info] 
[info] Waiting for authentication...
[debug] [2023-12-11T02:34:48.590Z] ----------------------------------------------------------------------
[debug] [2023-12-11T02:34:48.595Z] Command:       C:\Program Files\nodejs\node.exe C:\Program Files\nodejs\node_modules\firebase-tools\lib\bin\firebase.js login
[debug] [2023-12-11T02:34:48.596Z] CLI Version:   13.0.1
[debug] [2023-12-11T02:34:48.596Z] Platform:      win32
[debug] [2023-12-11T02:34:48.597Z] Node Version:  v20.9.0
[debug] [2023-12-11T02:34:48.605Z] Time:          Sun Dec 10 2023 18:34:48 GMT-0800 (Pacific Standard Time)
[debug] [2023-12-11T02:34:48.606Z] ----------------------------------------------------------------------
[debug] 
[info] i  Firebase optionally collects CLI and Emulator Suite usage and error reporting information to help improve our products. Data is collected in accordance with Google's privacy policy (https://policies.google.com/privacy) and is not used to identify you.
 
[info] i  To change your data collection preference at any time, run `firebase logout` and log in again. 
[info] 
[info] Visit this URL on this device to log in:
[info] https://accounts.google.com/o/oauth2/auth?client_id=563584335869-fgrhgmd47bqnekij5i8b5pr03ho849e6.apps.googleusercontent.com&scope=email%20openid%20https%3A%2F%2Fwww.googleapis.com%2Fauth%2Fcloudplatformprojects.readonly%20https%3A%2F%2Fwww.googleapis.com%2Fauth%2Ffirebase%20https%3A%2F%2Fwww.googleapis.com%2Fauth%2Fcloud-platform&response_type=code&state=394439554&redirect_uri=http%3A%2F%2Flocalhost%3A9005
[info] 
[info] Waiting for authentication...
[debug] [2023-12-11T02:38:54.043Z] >>> [apiv2][query] POST https://auth.firebase.tools/attest [none]
[debug] [2023-12-11T02:38:54.045Z] >>> [apiv2][body] POST https://auth.firebase.tools/attest {"session_id":"bf61f4c9-5087-4191-8d56-9a21ef3c7149"}
[debug] [2023-12-11T02:38:55.676Z] <<< [apiv2][status] POST https://auth.firebase.tools/attest 200
[debug] [2023-12-11T02:38:55.676Z] <<< [apiv2][body] POST https://auth.firebase.tools/attest {"token":"SNq4nUXtXOPPP6479mqv2rD_P74jxXxbLnjGnZctEbY"}
[info] 
[info] To sign in to the Firebase CLI:
[info] 
[info] 1. Take note of your session ID:
[info] 
[info]    BF61F
[info] 
[info] 2. Visit the URL below on any device and follow the instructions to get your code:
[info] 
[info]    https://auth.firebase.tools/login?code_challenge=XkL1b6Fvcpwy-MXJ4NX8hcX6drZXb3tlY_mk1Q_uXK0&session=bf61f4c9-5087-4191-8d56-9a21ef3c7149&attest=SNq4nUXtXOPPP6479mqv2rD_P74jxXxbLnjGnZctEbY
[info] 
[info] 3. Paste or enter the authorization code below once you have it:
[info] 
